<?xml version="1.0" encoding="UTF-8"?>
<!-- Generated by org.testng.reporters.JUnitReportReporter -->
<testsuite hostname="LAPTOP-I2H2KFTM" failures="0" tests="1" name="Tests.AutomationPractice" time="14.722" errors="0" timestamp="2022-02-11T12:00:15 CST" skipped="0">
  <testcase classname="Tests.AutomationPractice" name="addToWishlistError" time="14.722"/>
  <system-out/>
</testsuite> <!-- Tests.AutomationPractice -->
