<?xml version="1.0" encoding="UTF-8"?>
<!-- Generated by org.testng.reporters.JUnitReportReporter -->
<testsuite hostname="LAPTOP-I2H2KFTM" failures="0" tests="1" name="Tests.AutomationPractice" time="16.054" errors="0" timestamp="2022-02-11T12:20:14 CST" skipped="0">
  <testcase classname="Tests.AutomationPractice" name="verifyTotalPriceChange" time="16.054"/>
  <system-out/>
</testsuite> <!-- Tests.AutomationPractice -->
